c:\orbiter2016\modules\plugin\atlantisconfig.lib
c:\orbiter2016\modules\plugin\atlantisconfig.exp
c:\orbiter2016\orbitersdk\samples\atlantis\debug\vc141.pdb
c:\orbiter2016\orbitersdk\samples\atlantis\debug\atlantisconfig.obj
c:\orbiter2016\modules\startup\atlantisconfig.dll
c:\orbiter2016\orbitersdk\samples\atlantis\debug\atlantisconfig.pdb
c:\orbiter2016\orbitersdk\samples\atlantis\debug\aconfigurator.res
c:\orbiter2016\orbitersdk\samples\atlantis\debug\atlantis.pdb
c:\orbiter2016\orbitersdk\samples\atlantis\debug\atlantis_srb.pdb
c:\orbiter2016\orbitersdk\samples\atlantis\debug\atlantis_tank.pdb
c:\orbiter2016\modules\plugin\atlantisconfig.pdb
c:\orbiter2016\orbitersdk\samples\atlantis\debug\atlantisconfig.tlog\atlantisconfig.write.1u.tlog
c:\orbiter2016\orbitersdk\samples\atlantis\debug\atlantisconfig.tlog\cl.command.1.tlog
c:\orbiter2016\orbitersdk\samples\atlantis\debug\atlantisconfig.tlog\cl.read.1.tlog
c:\orbiter2016\orbitersdk\samples\atlantis\debug\atlantisconfig.tlog\cl.write.1.tlog
c:\orbiter2016\orbitersdk\samples\atlantis\debug\atlantisconfig.tlog\link.command.1.tlog
c:\orbiter2016\orbitersdk\samples\atlantis\debug\atlantisconfig.tlog\link.read.1.tlog
c:\orbiter2016\orbitersdk\samples\atlantis\debug\atlantisconfig.tlog\link.write.1.tlog
c:\orbiter2016\orbitersdk\samples\atlantis\debug\atlantisconfig.tlog\rc.command.1.tlog
c:\orbiter2016\orbitersdk\samples\atlantis\debug\atlantisconfig.tlog\rc.read.1.tlog
c:\orbiter2016\orbitersdk\samples\atlantis\debug\atlantisconfig.tlog\rc.write.1.tlog
