c:\orbiter2016\orbitersdk\samples\atlantis\atlantis\debug\atlantis.lib
c:\orbiter2016\orbitersdk\samples\atlantis\atlantis\debug\atlantis.exp
c:\orbiter2016\orbitersdk\samples\atlantis\atlantis\debug\vc141.pdb
c:\orbiter2016\orbitersdk\samples\atlantis\atlantis\debug\common.obj
c:\orbiter2016\orbitersdk\samples\atlantis\atlantis\debug\plbayop.obj
c:\orbiter2016\orbitersdk\samples\atlantis\atlantis\debug\atlantis.obj
c:\orbiter2016\orbitersdk\samples\atlantis\atlantis\debug\ascentap.obj
c:\orbiter2016\orbitersdk\samples\atlantis\atlantis\debug\tabdlg.obj
c:\orbiter2016\orbitersdk\samples\atlantis\atlantis\debug\graph.obj
c:\orbiter2016\orbitersdk\samples\atlantis\meshres.h
c:\orbiter2016\orbitersdk\samples\atlantis\meshres_vc_hi.h
c:\orbiter2016\orbitersdk\samples\atlantis\meshres_vc.h
c:\orbiter2016\modules\plugin\atlantis.dll
c:\orbiter2016\orbitersdk\samples\atlantis\debug\atlantis.pdb
c:\orbiter2016\orbitersdk\samples\atlantis\atlantis\debug\atlantis.res
c:\orbiter2016\orbitersdk\samples\atlantis\atlantis\debug\atlantis.tlog\atlantis.write.1u.tlog
c:\orbiter2016\orbitersdk\samples\atlantis\atlantis\debug\atlantis.tlog\cl.command.1.tlog
c:\orbiter2016\orbitersdk\samples\atlantis\atlantis\debug\atlantis.tlog\cl.read.1.tlog
c:\orbiter2016\orbitersdk\samples\atlantis\atlantis\debug\atlantis.tlog\cl.write.1.tlog
c:\orbiter2016\orbitersdk\samples\atlantis\atlantis\debug\atlantis.tlog\custombuild.command.1.tlog
c:\orbiter2016\orbitersdk\samples\atlantis\atlantis\debug\atlantis.tlog\custombuild.read.1.tlog
c:\orbiter2016\orbitersdk\samples\atlantis\atlantis\debug\atlantis.tlog\custombuild.write.1.tlog
c:\orbiter2016\orbitersdk\samples\atlantis\atlantis\debug\atlantis.tlog\link.command.1.tlog
c:\orbiter2016\orbitersdk\samples\atlantis\atlantis\debug\atlantis.tlog\link.read.1.tlog
c:\orbiter2016\orbitersdk\samples\atlantis\atlantis\debug\atlantis.tlog\link.write.1.tlog
c:\orbiter2016\orbitersdk\samples\atlantis\atlantis\debug\atlantis.tlog\rc.command.1.tlog
c:\orbiter2016\orbitersdk\samples\atlantis\atlantis\debug\atlantis.tlog\rc.read.1.tlog
c:\orbiter2016\orbitersdk\samples\atlantis\atlantis\debug\atlantis.tlog\rc.write.1.tlog
